Using pre-set license
Built from '2020.3/staging' branch; Version is '2020.3.20f1 (41c4e627c95f) revision 4310246'; Using compiler version '192528614'; Build Type 'Release'
OS: 'Windows 10 Pro; OS build 22000.978; Version 2009; 64bit' Language: 'en' Physical Memory: 32429 MB
BatchMode: 1, IsHumanControllingUs: 0, StartBugReporterOnCrash: 0, Is64bit: 1, IsPro: 0

COMMAND LINE ARGUMENTS:
C:\Program Files\Unity\Hub\Editor\2020.3.20f1\Editor\Unity.exe
-adb2
-batchMode
-noUpm
-name
AssetImportWorker0
-projectPath
C:/Users/Neuthal/Documents/GitHub/NarrativeGameJam3/HorrorNarrative
-logFile
Logs/AssetImportWorker0.log
-srvPort
53170
Successfully changed project path to: C:/Users/Neuthal/Documents/GitHub/NarrativeGameJam3/HorrorNarrative
C:/Users/Neuthal/Documents/GitHub/NarrativeGameJam3/HorrorNarrative
Using Asset Import Pipeline V2.
Refreshing native plugins compatible for Editor in 76.25 ms, found 5 plugins.
Preloading 0 native plugins for Editor in 0.00 ms.
Initialize engine version: 2020.3.20f1 (41c4e627c95f)
[Subsystems] Discovering subsystems at path C:/Program Files/Unity/Hub/Editor/2020.3.20f1/Editor/Data/Resources/UnitySubsystems
[Subsystems] Discovering subsystems at path C:/Users/Neuthal/Documents/GitHub/NarrativeGameJam3/HorrorNarrative/Assets
GfxDevice: creating device client; threaded=0
Direct3D:
    Version:  Direct3D 11.0 [level 11.1]
    Renderer: NVIDIA GeForce RTX 3070 Laptop GPU (ID=0x24dd)
    Vendor:   
    VRAM:     8044 MB
    Driver:   31.0.15.1640
Initialize mono
Mono path[0] = 'C:/Program Files/Unity/Hub/Editor/2020.3.20f1/Editor/Data/Managed'
Mono path[1] = 'C:/Program Files/Unity/Hub/Editor/2020.3.20f1/Editor/Data/MonoBleedingEdge/lib/mono/unityjit'
Mono config path = 'C:/Program Files/Unity/Hub/Editor/2020.3.20f1/Editor/Data/MonoBleedingEdge/etc'
Using monoOptions --debugger-agent=transport=dt_socket,embedding=1,server=y,suspend=n,address=127.0.0.1:56728
Begin MonoManager ReloadAssembly
Registering precompiled unity dll's ...
Register platform support module: C:/Program Files/Unity/Hub/Editor/2020.3.20f1/Editor/Data/PlaybackEngines/WebGLSupport/UnityEditor.WebGL.Extensions.dll
Register platform support module: C:/Program Files/Unity/Hub/Editor/2020.3.20f1/Editor/Data/PlaybackEngines/MacStandaloneSupport/UnityEditor.OSXStandalone.Extensions.dll
Register platform support module: C:/Program Files/Unity/Hub/Editor/2020.3.20f1/Editor/Data/PlaybackEngines/WindowsStandaloneSupport/UnityEditor.WindowsStandalone.Extensions.dll
Registered in 0.001313 seconds.
Native extension for WindowsStandalone target not found
Native extension for OSXStandalone target not found
Native extension for WebGL target not found
Refreshing native plugins compatible for Editor in 65.14 ms, found 5 plugins.
Preloading 0 native plugins for Editor in 0.00 ms.
Mono: successfully reloaded assembly
- Completed reload, in  0.821 seconds
Domain Reload Profiling:
	ReloadAssembly (821ms)
		BeginReloadAssembly (35ms)
			ExecutionOrderSort (0ms)
			DisableScriptedObjects (0ms)
			BackupInstance (0ms)
			ReleaseScriptingObjects (0ms)
			CreateAndSetChildDomain (1ms)
		EndReloadAssembly (341ms)
			LoadAssemblies (34ms)
			RebuildTransferFunctionScriptingTraits (0ms)
			SetupTypeCache (111ms)
			ReleaseScriptCaches (0ms)
			RebuildScriptCaches (21ms)
			SetupLoadedEditorAssemblies (161ms)
				LogAssemblyErrors (0ms)
				InitializePlatformSupportModulesInManaged (4ms)
				SetLoadedEditorAssemblies (0ms)
				RefreshPlugins (65ms)
				BeforeProcessingInitializeOnLoad (10ms)
				ProcessInitializeOnLoadAttributes (60ms)
				ProcessInitializeOnLoadMethodAttributes (21ms)
				AfterProcessingInitializeOnLoad (0ms)
				EditorAssembliesLoaded (0ms)
			ExecutionOrderSort2 (0ms)
			AwakeInstancesAfterBackupRestoration (0ms)
Platform modules already initialized, skipping
Registering precompiled user dll's ...
Registered in 0.005981 seconds.
Begin MonoManager ReloadAssembly
Native extension for WindowsStandalone target not found
Native extension for OSXStandalone target not found
Native extension for WebGL target not found
Refreshing native plugins compatible for Editor in 67.34 ms, found 5 plugins.
Preloading 0 native plugins for Editor in 0.00 ms.
Mono: successfully reloaded assembly
- Completed reload, in  1.022 seconds
Domain Reload Profiling:
	ReloadAssembly (1023ms)
		BeginReloadAssembly (101ms)
			ExecutionOrderSort (0ms)
			DisableScriptedObjects (3ms)
			BackupInstance (0ms)
			ReleaseScriptingObjects (0ms)
			CreateAndSetChildDomain (16ms)
		EndReloadAssembly (878ms)
			LoadAssemblies (75ms)
			RebuildTransferFunctionScriptingTraits (0ms)
			SetupTypeCache (278ms)
			ReleaseScriptCaches (1ms)
			RebuildScriptCaches (53ms)
			SetupLoadedEditorAssemblies (377ms)
				LogAssemblyErrors (0ms)
				InitializePlatformSupportModulesInManaged (4ms)
				SetLoadedEditorAssemblies (0ms)
				RefreshPlugins (67ms)
				BeforeProcessingInitializeOnLoad (78ms)
				ProcessInitializeOnLoadAttributes (214ms)
				ProcessInitializeOnLoadMethodAttributes (10ms)
				AfterProcessingInitializeOnLoad (3ms)
				EditorAssembliesLoaded (0ms)
			ExecutionOrderSort2 (0ms)
			AwakeInstancesAfterBackupRestoration (5ms)
Platform modules already initialized, skipping
========================================================================
Worker process is ready to serve import requests
Launched and connected shader compiler UnityShaderCompiler.exe after 0.03 seconds
Refreshing native plugins compatible for Editor in 0.98 ms, found 5 plugins.
Preloading 0 native plugins for Editor in 0.00 ms.
Unloading 4172 Unused Serialized files (Serialized files now loaded: 0)
System memory in use before: 178.9 MB.
System memory in use after: 179.1 MB.

Unloading 91 unused Assets to reduce memory usage. Loaded Objects now: 4554.
Total: 3.639200 ms (FindLiveObjects: 0.262400 ms CreateObjectMapping: 0.094300 ms MarkObjects: 3.186100 ms  DeleteObjects: 0.095200 ms)

AssetImportParameters requested are different than current active one (requested -> active):
  custom:framework-win-MediaFoundation: 216162199b28c13a410421893ffa2e32 -> 
  custom:video-decoder-ogg-theora: a1e56fd34408186e4bbccfd4996cb3dc -> 
  custom:container-muxer-webm: aa71ff27fc2769a1b78a27578f13a17b -> 
  custom:container-demuxer-webm: 4f35f7cbe854078d1ac9338744f61a02 -> 
  custom:container-demuxer-ogg: 62fdf1f143b41e24485cea50d1cbac27 -> 
  custom:video-encoder-webm-vp8: eb34c28f22e8b96e1ab97ce403110664 -> 
  custom:video-codec-MediaFoundation-h265: 746d11721c4dcdbdad8f713fa42b33f4 -> 
  custom:video-decoder-webm-vp8: 9c59270c3fd7afecdb556c50c9e8de78 -> 
  custom:audio-decoder-ogg-vorbis: bf7c407c2cedff20999df2af8eb42d56 -> 
  custom:audio-encoder-webm-vorbis: bf7c407c2cedff20999df2af8eb42d56 -> 
========================================================================
Received Import Request.
  path: Assets/All/Scenes/Official/End.asset
  artifactKey: Guid(30751206bedd442d28e230d568f4eaa4) Importer(815301076,1909f56bfc062723c751e8b465ee728b)
Start importing Assets/All/Scenes/Official/End.asset using Guid(30751206bedd442d28e230d568f4eaa4) Importer(815301076,1909f56bfc062723c751e8b465ee728b)  -> (artifact id: 'b61d0ac958010d3359bc3775aa27ae96') in 0.026362 seconds 
  Import took 0.041501 seconds .

========================================================================
Received Import Request.
  Time since last request: 4.597321 seconds.
  path: Assets/All/Scenes/Official/End.unity
  artifactKey: Guid(e2851ab815b024a72ae1be95514fdca9) Importer(815301076,1909f56bfc062723c751e8b465ee728b)
Start importing Assets/All/Scenes/Official/End.unity using Guid(e2851ab815b024a72ae1be95514fdca9) Importer(815301076,1909f56bfc062723c751e8b465ee728b)  -> (artifact id: 'e65106e81670a8ccd94ddec568dfb43f') in 0.005685 seconds 
  Import took 0.011262 seconds .

========================================================================
Received Import Request.
  Time since last request: 34.046317 seconds.
  path: Assets/All/Animation/Player/Player Animator.controller
  artifactKey: Guid(3afe110524d794e498f14a0730e4f308) Importer(815301076,1909f56bfc062723c751e8b465ee728b)
Start importing Assets/All/Animation/Player/Player Animator.controller using Guid(3afe110524d794e498f14a0730e4f308) Importer(815301076,1909f56bfc062723c751e8b465ee728b)  -> (artifact id: 'dc5ecabfdb0e5752a7fcd80c86000ffa') in 0.012685 seconds 
  Import took 0.020386 seconds .

========================================================================
Received Prepare
Registering precompiled user dll's ...
Registered in 0.006151 seconds.
Begin MonoManager ReloadAssembly
Native extension for WindowsStandalone target not found
Native extension for OSXStandalone target not found
Native extension for WebGL target not found
Refreshing native plugins compatible for Editor in 1.25 ms, found 5 plugins.
Preloading 0 native plugins for Editor in 0.00 ms.
Mono: successfully reloaded assembly
- Completed reload, in  1.086 seconds
Domain Reload Profiling:
	ReloadAssembly (1087ms)
		BeginReloadAssembly (107ms)
			ExecutionOrderSort (0ms)
			DisableScriptedObjects (8ms)
			BackupInstance (0ms)
			ReleaseScriptingObjects (0ms)
			CreateAndSetChildDomain (42ms)
		EndReloadAssembly (928ms)
			LoadAssemblies (78ms)
			RebuildTransferFunctionScriptingTraits (0ms)
			SetupTypeCache (348ms)
			ReleaseScriptCaches (2ms)
			RebuildScriptCaches (47ms)
			SetupLoadedEditorAssemblies (333ms)
				LogAssemblyErrors (0ms)
				InitializePlatformSupportModulesInManaged (5ms)
				SetLoadedEditorAssemblies (0ms)
				RefreshPlugins (1ms)
				BeforeProcessingInitializeOnLoad (98ms)
				ProcessInitializeOnLoadAttributes (220ms)
				ProcessInitializeOnLoadMethodAttributes (4ms)
				AfterProcessingInitializeOnLoad (3ms)
				EditorAssembliesLoaded (0ms)
			ExecutionOrderSort2 (0ms)
			AwakeInstancesAfterBackupRestoration (13ms)
Platform modules already initialized, skipping
Refreshing native plugins compatible for Editor in 1.27 ms, found 5 plugins.
Preloading 0 native plugins for Editor in 0.00 ms.
Unloading 4012 Unused Serialized files (Serialized files now loaded: 0)
System memory in use before: 167.0 MB.
System memory in use after: 167.2 MB.

Unloading 77 unused Assets to reduce memory usage. Loaded Objects now: 4557.
Total: 3.368300 ms (FindLiveObjects: 0.355200 ms CreateObjectMapping: 0.103600 ms MarkObjects: 2.862100 ms  DeleteObjects: 0.045500 ms)

AssetImportParameters requested are different than current active one (requested -> active):
  custom:framework-win-MediaFoundation: 216162199b28c13a410421893ffa2e32 -> 
  custom:video-decoder-ogg-theora: a1e56fd34408186e4bbccfd4996cb3dc -> 
  custom:container-muxer-webm: aa71ff27fc2769a1b78a27578f13a17b -> 
  custom:container-demuxer-webm: 4f35f7cbe854078d1ac9338744f61a02 -> 
  custom:container-demuxer-ogg: 62fdf1f143b41e24485cea50d1cbac27 -> 
  custom:video-encoder-webm-vp8: eb34c28f22e8b96e1ab97ce403110664 -> 
  custom:video-codec-MediaFoundation-h265: 746d11721c4dcdbdad8f713fa42b33f4 -> 
  custom:video-decoder-webm-vp8: 9c59270c3fd7afecdb556c50c9e8de78 -> 
  custom:audio-decoder-ogg-vorbis: bf7c407c2cedff20999df2af8eb42d56 -> 
  custom:audio-encoder-webm-vorbis: bf7c407c2cedff20999df2af8eb42d56 -> 
========================================================================
Received Import Request.
  Time since last request: 82.862662 seconds.
  path: Assets/All/Resources/Context/Entities/Player/CX_Player Data.asset
  artifactKey: Guid(9f38600cce43747a09f9ceb0aadafc17) Importer(815301076,1909f56bfc062723c751e8b465ee728b)
Start importing Assets/All/Resources/Context/Entities/Player/CX_Player Data.asset using Guid(9f38600cce43747a09f9ceb0aadafc17) Importer(815301076,1909f56bfc062723c751e8b465ee728b)  -> (artifact id: '0be4343d0fa0d261b2e6d239a5c3ca23') in 0.023253 seconds 
  Import took 0.031311 seconds .

========================================================================
Received Import Request.
  Time since last request: 0.000185 seconds.
  path: Assets/All/Resources/Context/Entities/Player/FSM_Player State Machine.asset
  artifactKey: Guid(b0f71adeefe5f4a5bb59fcf3bc6de155) Importer(815301076,1909f56bfc062723c751e8b465ee728b)
Start importing Assets/All/Resources/Context/Entities/Player/FSM_Player State Machine.asset using Guid(b0f71adeefe5f4a5bb59fcf3bc6de155) Importer(815301076,1909f56bfc062723c751e8b465ee728b)  -> (artifact id: 'f3bc3bfb1ceff6c9c3db7e4664fce0f6') in 0.028665 seconds 
  Import took 0.035793 seconds .

========================================================================
Received Import Request.
  Time since last request: 0.000249 seconds.
  path: Assets/All/Resources/Context/Entities/Player/FSM_State_PlayerHalt.asset
  artifactKey: Guid(15ba3cfee4a074cd98fe6eac03872cde) Importer(815301076,1909f56bfc062723c751e8b465ee728b)
Start importing Assets/All/Resources/Context/Entities/Player/FSM_State_PlayerHalt.asset using Guid(15ba3cfee4a074cd98fe6eac03872cde) Importer(815301076,1909f56bfc062723c751e8b465ee728b)  -> (artifact id: '8459bc4e8e5514c71cfd5a801a54b3c8') in 0.006340 seconds 
  Import took 0.012231 seconds .

========================================================================
Received Import Request.
  Time since last request: 0.000168 seconds.
  path: Assets/All/Resources/Context/Entities/Player/FSM_State_PlayerReload.asset
  artifactKey: Guid(f1fa699d6db944deda210b6f9b83c5b6) Importer(815301076,1909f56bfc062723c751e8b465ee728b)
Start importing Assets/All/Resources/Context/Entities/Player/FSM_State_PlayerReload.asset using Guid(f1fa699d6db944deda210b6f9b83c5b6) Importer(815301076,1909f56bfc062723c751e8b465ee728b)  -> (artifact id: '5d50ab2abd72de8968577ff70210df0b') in 0.005927 seconds 
  Import took 0.012081 seconds .

========================================================================
Received Import Request.
  Time since last request: 0.000148 seconds.
  path: Assets/All/Resources/Context/Entities/Player/FSM_State_PlayerGrounded.asset
  artifactKey: Guid(b97a49874e46c4f5a83d2dfe89d74e72) Importer(815301076,1909f56bfc062723c751e8b465ee728b)
Start importing Assets/All/Resources/Context/Entities/Player/FSM_State_PlayerGrounded.asset using Guid(b97a49874e46c4f5a83d2dfe89d74e72) Importer(815301076,1909f56bfc062723c751e8b465ee728b)  -> (artifact id: '1b2892695d6be92d2de8aa27495d42db') in 0.006556 seconds 
  Import took 0.013540 seconds .

========================================================================
Received Import Request.
  Time since last request: 0.000208 seconds.
  path: Assets/All/Resources/Context/Entities/Player/FSM_State_PlayerAiming.asset
  artifactKey: Guid(a87db072c01894da9ae665b8b8fc5db7) Importer(815301076,1909f56bfc062723c751e8b465ee728b)
Start importing Assets/All/Resources/Context/Entities/Player/FSM_State_PlayerAiming.asset using Guid(a87db072c01894da9ae665b8b8fc5db7) Importer(815301076,1909f56bfc062723c751e8b465ee728b)  -> (artifact id: '2108f692d7ce1a8cc45aec6aa560169a') in 0.005503 seconds 
  Import took 0.013493 seconds .

========================================================================
Received Import Request.
  Time since last request: 0.000206 seconds.
  path: Assets/All/Resources/Context/Entities/Player/FSM_State_PlayerShootBlank.asset
  artifactKey: Guid(4ad1b388146c3469f86e7e5e6a840e1c) Importer(815301076,1909f56bfc062723c751e8b465ee728b)
Start importing Assets/All/Resources/Context/Entities/Player/FSM_State_PlayerShootBlank.asset using Guid(4ad1b388146c3469f86e7e5e6a840e1c) Importer(815301076,1909f56bfc062723c751e8b465ee728b)  -> (artifact id: '527b40c176fe9fa9593ef4f9a27a7998') in 0.006001 seconds 
  Import took 0.011992 seconds .

========================================================================
Received Import Request.
  Time since last request: 0.000143 seconds.
  path: Assets/All/Resources/Context/Entities/Player/FSM_State_PlayerShot.asset
  artifactKey: Guid(9f815944f011d4da1963d4fc38d815f8) Importer(815301076,1909f56bfc062723c751e8b465ee728b)
Start importing Assets/All/Resources/Context/Entities/Player/FSM_State_PlayerShot.asset using Guid(9f815944f011d4da1963d4fc38d815f8) Importer(815301076,1909f56bfc062723c751e8b465ee728b)  -> (artifact id: 'de8edf1147857d6ecfc06d48902ad431') in 0.008837 seconds 
  Import took 0.015127 seconds .

========================================================================
Received Import Request.
  Time since last request: 0.000177 seconds.
  path: Assets/All/Resources/Context/Entities/Player/FSM_State_PlayerDead.asset
  artifactKey: Guid(e15b9145f7130444b82d261501aa4e7f) Importer(815301076,1909f56bfc062723c751e8b465ee728b)
Start importing Assets/All/Resources/Context/Entities/Player/FSM_State_PlayerDead.asset using Guid(e15b9145f7130444b82d261501aa4e7f) Importer(815301076,1909f56bfc062723c751e8b465ee728b)  -> (artifact id: '991efd551194b6d7a3ac292e13457774') in 0.006112 seconds 
  Import took 0.013298 seconds .

========================================================================
Received Prepare
Registering precompiled user dll's ...
Registered in 0.007791 seconds.
Begin MonoManager ReloadAssembly
Native extension for WindowsStandalone target not found
Native extension for OSXStandalone target not found
Native extension for WebGL target not found
Refreshing native plugins compatible for Editor in 1.35 ms, found 5 plugins.
Preloading 0 native plugins for Editor in 0.00 ms.
Mono: successfully reloaded assembly
- Completed reload, in  0.988 seconds
Domain Reload Profiling:
	ReloadAssembly (989ms)
		BeginReloadAssembly (106ms)
			ExecutionOrderSort (0ms)
			DisableScriptedObjects (5ms)
			BackupInstance (0ms)
			ReleaseScriptingObjects (0ms)
			CreateAndSetChildDomain (42ms)
		EndReloadAssembly (833ms)
			LoadAssemblies (77ms)
			RebuildTransferFunctionScriptingTraits (0ms)
			SetupTypeCache (305ms)
			ReleaseScriptCaches (2ms)
			RebuildScriptCaches (43ms)
			SetupLoadedEditorAssemblies (296ms)
				LogAssemblyErrors (0ms)
				InitializePlatformSupportModulesInManaged (5ms)
				SetLoadedEditorAssemblies (1ms)
				RefreshPlugins (1ms)
				BeforeProcessingInitializeOnLoad (85ms)
				ProcessInitializeOnLoadAttributes (198ms)
				ProcessInitializeOnLoadMethodAttributes (4ms)
				AfterProcessingInitializeOnLoad (3ms)
				EditorAssembliesLoaded (0ms)
			ExecutionOrderSort2 (0ms)
			AwakeInstancesAfterBackupRestoration (13ms)
Platform modules already initialized, skipping
Refreshing native plugins compatible for Editor in 1.17 ms, found 5 plugins.
Preloading 0 native plugins for Editor in 0.00 ms.
Unloading 4012 Unused Serialized files (Serialized files now loaded: 0)
System memory in use before: 167.1 MB.
System memory in use after: 167.3 MB.

Unloading 77 unused Assets to reduce memory usage. Loaded Objects now: 4560.
Total: 4.008100 ms (FindLiveObjects: 0.276900 ms CreateObjectMapping: 0.119800 ms MarkObjects: 3.563700 ms  DeleteObjects: 0.046300 ms)

AssetImportParameters requested are different than current active one (requested -> active):
  custom:framework-win-MediaFoundation: 216162199b28c13a410421893ffa2e32 -> 
  custom:video-decoder-ogg-theora: a1e56fd34408186e4bbccfd4996cb3dc -> 
  custom:container-muxer-webm: aa71ff27fc2769a1b78a27578f13a17b -> 
  custom:container-demuxer-webm: 4f35f7cbe854078d1ac9338744f61a02 -> 
  custom:container-demuxer-ogg: 62fdf1f143b41e24485cea50d1cbac27 -> 
  custom:video-encoder-webm-vp8: eb34c28f22e8b96e1ab97ce403110664 -> 
  custom:video-codec-MediaFoundation-h265: 746d11721c4dcdbdad8f713fa42b33f4 -> 
  custom:video-decoder-webm-vp8: 9c59270c3fd7afecdb556c50c9e8de78 -> 
  custom:audio-decoder-ogg-vorbis: bf7c407c2cedff20999df2af8eb42d56 -> 
  custom:audio-encoder-webm-vorbis: bf7c407c2cedff20999df2af8eb42d56 -> 
========================================================================
Received Prepare
Registering precompiled user dll's ...
Registered in 0.006122 seconds.
Begin MonoManager ReloadAssembly
Native extension for WindowsStandalone target not found
Native extension for OSXStandalone target not found
Native extension for WebGL target not found
Refreshing native plugins compatible for Editor in 1.23 ms, found 5 plugins.
Preloading 0 native plugins for Editor in 0.00 ms.
Mono: successfully reloaded assembly
- Completed reload, in  0.994 seconds
Domain Reload Profiling:
	ReloadAssembly (994ms)
		BeginReloadAssembly (108ms)
			ExecutionOrderSort (0ms)
			DisableScriptedObjects (5ms)
			BackupInstance (0ms)
			ReleaseScriptingObjects (0ms)
			CreateAndSetChildDomain (36ms)
		EndReloadAssembly (836ms)
			LoadAssemblies (75ms)
			RebuildTransferFunctionScriptingTraits (0ms)
			SetupTypeCache (292ms)
			ReleaseScriptCaches (2ms)
			RebuildScriptCaches (47ms)
			SetupLoadedEditorAssemblies (302ms)
				LogAssemblyErrors (0ms)
				InitializePlatformSupportModulesInManaged (4ms)
				SetLoadedEditorAssemblies (0ms)
				RefreshPlugins (1ms)
				BeforeProcessingInitializeOnLoad (83ms)
				ProcessInitializeOnLoadAttributes (206ms)
				ProcessInitializeOnLoadMethodAttributes (4ms)
				AfterProcessingInitializeOnLoad (3ms)
				EditorAssembliesLoaded (0ms)
			ExecutionOrderSort2 (0ms)
			AwakeInstancesAfterBackupRestoration (12ms)
Platform modules already initialized, skipping
Refreshing native plugins compatible for Editor in 1.24 ms, found 5 plugins.
Preloading 0 native plugins for Editor in 0.00 ms.
Unloading 4012 Unused Serialized files (Serialized files now loaded: 0)
System memory in use before: 167.1 MB.
System memory in use after: 167.4 MB.

Unloading 77 unused Assets to reduce memory usage. Loaded Objects now: 4563.
Total: 3.467000 ms (FindLiveObjects: 0.529300 ms CreateObjectMapping: 0.112900 ms MarkObjects: 2.790600 ms  DeleteObjects: 0.032000 ms)

AssetImportParameters requested are different than current active one (requested -> active):
  custom:framework-win-MediaFoundation: 216162199b28c13a410421893ffa2e32 -> 
  custom:video-decoder-ogg-theora: a1e56fd34408186e4bbccfd4996cb3dc -> 
  custom:container-muxer-webm: aa71ff27fc2769a1b78a27578f13a17b -> 
  custom:container-demuxer-webm: 4f35f7cbe854078d1ac9338744f61a02 -> 
  custom:container-demuxer-ogg: 62fdf1f143b41e24485cea50d1cbac27 -> 
  custom:video-encoder-webm-vp8: eb34c28f22e8b96e1ab97ce403110664 -> 
  custom:video-codec-MediaFoundation-h265: 746d11721c4dcdbdad8f713fa42b33f4 -> 
  custom:video-decoder-webm-vp8: 9c59270c3fd7afecdb556c50c9e8de78 -> 
  custom:audio-decoder-ogg-vorbis: bf7c407c2cedff20999df2af8eb42d56 -> 
  custom:audio-encoder-webm-vorbis: bf7c407c2cedff20999df2af8eb42d56 -> 
========================================================================
Received Import Request.
  Time since last request: 506.626451 seconds.
  path: Assets/All/Scenes/Official/Void
  artifactKey: Guid(11a33e34bdf0842d3820cc5879472fbb) Importer(815301076,1909f56bfc062723c751e8b465ee728b)
Start importing Assets/All/Scenes/Official/Void using Guid(11a33e34bdf0842d3820cc5879472fbb) Importer(815301076,1909f56bfc062723c751e8b465ee728b)  -> (artifact id: '1de11ea8dc0298fc18c7156cb61f1271') in 0.012407 seconds 
  Import took 0.019922 seconds .

========================================================================
Received Import Request.
  Time since last request: 1.711010 seconds.
  path: Assets/All/Scenes/Official/Village/Bedroom/Room (D).asset
  artifactKey: Guid(c998559dc8ab148c3944754739f8297a) Importer(815301076,1909f56bfc062723c751e8b465ee728b)
Start importing Assets/All/Scenes/Official/Village/Bedroom/Room (D).asset using Guid(c998559dc8ab148c3944754739f8297a) Importer(815301076,1909f56bfc062723c751e8b465ee728b)  -> (artifact id: '89bcc2c5d660e96eb2f1946d27a7935e') in 0.043337 seconds 
  Import took 0.049172 seconds .

========================================================================
Received Import Request.
  Time since last request: 1.471360 seconds.
  path: Assets/All/Scenes/Official/Village/Bedroom/Room (N1).unity
  artifactKey: Guid(ac875e663ee4f4bf69efc654c0ed3854) Importer(815301076,1909f56bfc062723c751e8b465ee728b)
Start importing Assets/All/Scenes/Official/Village/Bedroom/Room (N1).unity using Guid(ac875e663ee4f4bf69efc654c0ed3854) Importer(815301076,1909f56bfc062723c751e8b465ee728b)  -> (artifact id: '377610dcf52046491f80b08e2129eefb') in 0.005243 seconds 
  Import took 0.021011 seconds .

========================================================================
Received Import Request.
  Time since last request: 2.728619 seconds.
  path: Assets/All/Scenes/Official/Village/Hallway/Hallway (D).asset
  artifactKey: Guid(80e0fc80403e741f5b76756e99bffc8f) Importer(815301076,1909f56bfc062723c751e8b465ee728b)
Start importing Assets/All/Scenes/Official/Village/Hallway/Hallway (D).asset using Guid(80e0fc80403e741f5b76756e99bffc8f) Importer(815301076,1909f56bfc062723c751e8b465ee728b)  -> (artifact id: '6f6bb26d35a58e69020d6549ab93c9ff') in 0.019212 seconds 
  Import took 0.025446 seconds .

========================================================================
Received Import Request.
  Time since last request: 1.018190 seconds.
  path: Assets/All/Scenes/Official/Village/Hallway/Hallway (N1).unity
  artifactKey: Guid(237ad4bfaf5654078a17676bd4be358e) Importer(815301076,1909f56bfc062723c751e8b465ee728b)
Start importing Assets/All/Scenes/Official/Village/Hallway/Hallway (N1).unity using Guid(237ad4bfaf5654078a17676bd4be358e) Importer(815301076,1909f56bfc062723c751e8b465ee728b)  -> (artifact id: '7c7a72314a22a5ead16740abd838429a') in 0.015774 seconds 
  Import took 0.021079 seconds .

========================================================================
Received Import Request.
  Time since last request: 1.684646 seconds.
  path: Assets/All/Scenes/Official/Village/Hallway/Hallway (D).unity
  artifactKey: Guid(12c0c875d3dd84232ace9d8eb8e56850) Importer(815301076,1909f56bfc062723c751e8b465ee728b)
Start importing Assets/All/Scenes/Official/Village/Hallway/Hallway (D).unity using Guid(12c0c875d3dd84232ace9d8eb8e56850) Importer(815301076,1909f56bfc062723c751e8b465ee728b)  -> (artifact id: '382bfa016b92a3dffea9d56b57f6ba81') in 0.016960 seconds 
  Import took 0.022395 seconds .

========================================================================
Received Import Request.
  Time since last request: 5.983818 seconds.
  path: Assets/All/Scenes/Official/Village/Hallway/Hallway (N2).unity
  artifactKey: Guid(911f316e27bea4b44b406b2cb4e0bd41) Importer(815301076,1909f56bfc062723c751e8b465ee728b)
Start importing Assets/All/Scenes/Official/Village/Hallway/Hallway (N2).unity using Guid(911f316e27bea4b44b406b2cb4e0bd41) Importer(815301076,1909f56bfc062723c751e8b465ee728b)  -> (artifact id: '4f51716bd55c7f902f1684ff9ac598d0') in 0.015282 seconds 
  Import took 0.020692 seconds .

========================================================================
Received Prepare
Registering precompiled user dll's ...
Registered in 0.005671 seconds.
Begin MonoManager ReloadAssembly
Native extension for WindowsStandalone target not found
Native extension for OSXStandalone target not found
Native extension for WebGL target not found
Refreshing native plugins compatible for Editor in 1.09 ms, found 5 plugins.
Preloading 0 native plugins for Editor in 0.00 ms.
Mono: successfully reloaded assembly
- Completed reload, in  0.980 seconds
Domain Reload Profiling:
	ReloadAssembly (981ms)
		BeginReloadAssembly (107ms)
			ExecutionOrderSort (0ms)
			DisableScriptedObjects (5ms)
			BackupInstance (0ms)
			ReleaseScriptingObjects (0ms)
			CreateAndSetChildDomain (44ms)
		EndReloadAssembly (828ms)
			LoadAssemblies (76ms)
			RebuildTransferFunctionScriptingTraits (0ms)
			SetupTypeCache (293ms)
			ReleaseScriptCaches (3ms)
			RebuildScriptCaches (43ms)
			SetupLoadedEditorAssemblies (300ms)
				LogAssemblyErrors (0ms)
				InitializePlatformSupportModulesInManaged (5ms)
				SetLoadedEditorAssemblies (0ms)
				RefreshPlugins (1ms)
				BeforeProcessingInitializeOnLoad (83ms)
				ProcessInitializeOnLoadAttributes (203ms)
				ProcessInitializeOnLoadMethodAttributes (4ms)
				AfterProcessingInitializeOnLoad (3ms)
				EditorAssembliesLoaded (0ms)
			ExecutionOrderSort2 (0ms)
			AwakeInstancesAfterBackupRestoration (12ms)
Platform modules already initialized, skipping
Refreshing native plugins compatible for Editor in 1.52 ms, found 5 plugins.
Preloading 0 native plugins for Editor in 0.00 ms.
Unloading 4012 Unused Serialized files (Serialized files now loaded: 0)
System memory in use before: 167.2 MB.
System memory in use after: 167.5 MB.

Unloading 77 unused Assets to reduce memory usage. Loaded Objects now: 4566.
Total: 4.077000 ms (FindLiveObjects: 0.467900 ms CreateObjectMapping: 0.252400 ms MarkObjects: 3.319500 ms  DeleteObjects: 0.035700 ms)

AssetImportParameters requested are different than current active one (requested -> active):
  custom:framework-win-MediaFoundation: 216162199b28c13a410421893ffa2e32 -> 
  custom:video-decoder-ogg-theora: a1e56fd34408186e4bbccfd4996cb3dc -> 
  custom:container-muxer-webm: aa71ff27fc2769a1b78a27578f13a17b -> 
  custom:container-demuxer-webm: 4f35f7cbe854078d1ac9338744f61a02 -> 
  custom:container-demuxer-ogg: 62fdf1f143b41e24485cea50d1cbac27 -> 
  custom:video-encoder-webm-vp8: eb34c28f22e8b96e1ab97ce403110664 -> 
  custom:video-codec-MediaFoundation-h265: 746d11721c4dcdbdad8f713fa42b33f4 -> 
  custom:video-decoder-webm-vp8: 9c59270c3fd7afecdb556c50c9e8de78 -> 
  custom:audio-decoder-ogg-vorbis: bf7c407c2cedff20999df2af8eb42d56 -> 
  custom:audio-encoder-webm-vorbis: bf7c407c2cedff20999df2af8eb42d56 -> 
========================================================================
Received Prepare
Registering precompiled user dll's ...
Registered in 0.005633 seconds.
Begin MonoManager ReloadAssembly
Native extension for WindowsStandalone target not found
Native extension for OSXStandalone target not found
Native extension for WebGL target not found
Refreshing native plugins compatible for Editor in 1.09 ms, found 5 plugins.
Preloading 0 native plugins for Editor in 0.00 ms.
Mono: successfully reloaded assembly
- Completed reload, in  0.941 seconds
Domain Reload Profiling:
	ReloadAssembly (942ms)
		BeginReloadAssembly (101ms)
			ExecutionOrderSort (0ms)
			DisableScriptedObjects (6ms)
			BackupInstance (0ms)
			ReleaseScriptingObjects (0ms)
			CreateAndSetChildDomain (35ms)
		EndReloadAssembly (794ms)
			LoadAssemblies (78ms)
			RebuildTransferFunctionScriptingTraits (0ms)
			SetupTypeCache (280ms)
			ReleaseScriptCaches (2ms)
			RebuildScriptCaches (43ms)
			SetupLoadedEditorAssemblies (286ms)
				LogAssemblyErrors (0ms)
				InitializePlatformSupportModulesInManaged (4ms)
				SetLoadedEditorAssemblies (0ms)
				RefreshPlugins (1ms)
				BeforeProcessingInitializeOnLoad (81ms)
				ProcessInitializeOnLoadAttributes (192ms)
				ProcessInitializeOnLoadMethodAttributes (4ms)
				AfterProcessingInitializeOnLoad (3ms)
				EditorAssembliesLoaded (0ms)
			ExecutionOrderSort2 (0ms)
			AwakeInstancesAfterBackupRestoration (12ms)
Platform modules already initialized, skipping
Refreshing native plugins compatible for Editor in 1.49 ms, found 5 plugins.
Preloading 0 native plugins for Editor in 0.00 ms.
Unloading 4012 Unused Serialized files (Serialized files now loaded: 0)
System memory in use before: 167.3 MB.
System memory in use after: 167.5 MB.

Unloading 77 unused Assets to reduce memory usage. Loaded Objects now: 4569.
Total: 3.106200 ms (FindLiveObjects: 0.282400 ms CreateObjectMapping: 0.112500 ms MarkObjects: 2.677700 ms  DeleteObjects: 0.032200 ms)

AssetImportParameters requested are different than current active one (requested -> active):
  custom:framework-win-MediaFoundation: 216162199b28c13a410421893ffa2e32 -> 
  custom:video-decoder-ogg-theora: a1e56fd34408186e4bbccfd4996cb3dc -> 
  custom:container-muxer-webm: aa71ff27fc2769a1b78a27578f13a17b -> 
  custom:container-demuxer-webm: 4f35f7cbe854078d1ac9338744f61a02 -> 
  custom:container-demuxer-ogg: 62fdf1f143b41e24485cea50d1cbac27 -> 
  custom:video-encoder-webm-vp8: eb34c28f22e8b96e1ab97ce403110664 -> 
  custom:video-codec-MediaFoundation-h265: 746d11721c4dcdbdad8f713fa42b33f4 -> 
  custom:video-decoder-webm-vp8: 9c59270c3fd7afecdb556c50c9e8de78 -> 
  custom:audio-decoder-ogg-vorbis: bf7c407c2cedff20999df2af8eb42d56 -> 
  custom:audio-encoder-webm-vorbis: bf7c407c2cedff20999df2af8eb42d56 -> 
========================================================================
Received Prepare
Registering precompiled user dll's ...
Registered in 0.006821 seconds.
Begin MonoManager ReloadAssembly
Native extension for WindowsStandalone target not found
Native extension for OSXStandalone target not found
Native extension for WebGL target not found
Refreshing native plugins compatible for Editor in 1.13 ms, found 5 plugins.
Preloading 0 native plugins for Editor in 0.00 ms.
Mono: successfully reloaded assembly
- Completed reload, in  0.975 seconds
Domain Reload Profiling:
	ReloadAssembly (975ms)
		BeginReloadAssembly (90ms)
			ExecutionOrderSort (0ms)
			DisableScriptedObjects (5ms)
			BackupInstance (0ms)
			ReleaseScriptingObjects (0ms)
			CreateAndSetChildDomain (34ms)
		EndReloadAssembly (837ms)
			LoadAssemblies (77ms)
			RebuildTransferFunctionScriptingTraits (0ms)
			SetupTypeCache (301ms)
			ReleaseScriptCaches (2ms)
			RebuildScriptCaches (39ms)
			SetupLoadedEditorAssemblies (314ms)
				LogAssemblyErrors (0ms)
				InitializePlatformSupportModulesInManaged (5ms)
				SetLoadedEditorAssemblies (0ms)
				RefreshPlugins (1ms)
				BeforeProcessingInitializeOnLoad (96ms)
				ProcessInitializeOnLoadAttributes (205ms)
				ProcessInitializeOnLoadMethodAttributes (4ms)
				AfterProcessingInitializeOnLoad (3ms)
				EditorAssembliesLoaded (0ms)
			ExecutionOrderSort2 (0ms)
			AwakeInstancesAfterBackupRestoration (11ms)
Platform modules already initialized, skipping
Refreshing native plugins compatible for Editor in 1.11 ms, found 5 plugins.
Preloading 0 native plugins for Editor in 0.00 ms.
Unloading 4012 Unused Serialized files (Serialized files now loaded: 0)
System memory in use before: 167.3 MB.
System memory in use after: 167.5 MB.

Unloading 77 unused Assets to reduce memory usage. Loaded Objects now: 4572.
Total: 4.477800 ms (FindLiveObjects: 0.280500 ms CreateObjectMapping: 0.105600 ms MarkObjects: 4.050800 ms  DeleteObjects: 0.039900 ms)

AssetImportParameters requested are different than current active one (requested -> active):
  custom:framework-win-MediaFoundation: 216162199b28c13a410421893ffa2e32 -> 
  custom:video-decoder-ogg-theora: a1e56fd34408186e4bbccfd4996cb3dc -> 
  custom:container-muxer-webm: aa71ff27fc2769a1b78a27578f13a17b -> 
  custom:container-demuxer-webm: 4f35f7cbe854078d1ac9338744f61a02 -> 
  custom:container-demuxer-ogg: 62fdf1f143b41e24485cea50d1cbac27 -> 
  custom:video-encoder-webm-vp8: eb34c28f22e8b96e1ab97ce403110664 -> 
  custom:video-codec-MediaFoundation-h265: 746d11721c4dcdbdad8f713fa42b33f4 -> 
  custom:video-decoder-webm-vp8: 9c59270c3fd7afecdb556c50c9e8de78 -> 
  custom:audio-decoder-ogg-vorbis: bf7c407c2cedff20999df2af8eb42d56 -> 
  custom:audio-encoder-webm-vorbis: bf7c407c2cedff20999df2af8eb42d56 -> 
========================================================================
Received Import Request.
  Time since last request: 100.246312 seconds.
  path: Assets/All/Scenes/Official/Village/Outside/Outside (N1).unity
  artifactKey: Guid(6b3289f8c35064b0e94918fd56ff5d85) Importer(815301076,1909f56bfc062723c751e8b465ee728b)
Start importing Assets/All/Scenes/Official/Village/Outside/Outside (N1).unity using Guid(6b3289f8c35064b0e94918fd56ff5d85) Importer(815301076,1909f56bfc062723c751e8b465ee728b)  -> (artifact id: 'a56eaf9e0cc98aa96d02310db62630b8') in 0.042198 seconds 
  Import took 0.049309 seconds .

========================================================================
Received Import Request.
  Time since last request: 3.200369 seconds.
  path: Assets/All/Scenes/Official/Village/Village/Village (D).unity
  artifactKey: Guid(f700c325258af4a539f2dab28260217c) Importer(815301076,1909f56bfc062723c751e8b465ee728b)
Start importing Assets/All/Scenes/Official/Village/Village/Village (D).unity using Guid(f700c325258af4a539f2dab28260217c) Importer(815301076,1909f56bfc062723c751e8b465ee728b)  -> (artifact id: '8cdf8b0c9d13fc41588cf1dc7938f797') in 0.014840 seconds 
  Import took 0.020391 seconds .

========================================================================
Received Import Request.
  Time since last request: 1.410504 seconds.
  path: Assets/All/Scenes/Official/Village/Village/Village (N1).unity
  artifactKey: Guid(edc3bd9362b484ba1bf55ab4c279336e) Importer(815301076,1909f56bfc062723c751e8b465ee728b)
Start importing Assets/All/Scenes/Official/Village/Village/Village (N1).unity using Guid(edc3bd9362b484ba1bf55ab4c279336e) Importer(815301076,1909f56bfc062723c751e8b465ee728b)  -> (artifact id: 'e765765e65e6d29e9e1d099b6d06fc39') in 0.005790 seconds 
  Import took 0.012511 seconds .

========================================================================
Received Import Request.
  Time since last request: 1.708641 seconds.
  path: Assets/All/Scenes/Official/Village/Village/Village (N2).unity
  artifactKey: Guid(3b34a986187124bc4ad2fd82b8146ed5) Importer(815301076,1909f56bfc062723c751e8b465ee728b)
Start importing Assets/All/Scenes/Official/Village/Village/Village (N2).unity using Guid(3b34a986187124bc4ad2fd82b8146ed5) Importer(815301076,1909f56bfc062723c751e8b465ee728b)  -> (artifact id: '599ff140fe682616e1f0e7a9bf603e2c') in 0.005449 seconds 
  Import took 0.021368 seconds .

========================================================================
Received Prepare
Registering precompiled user dll's ...
Registered in 0.006298 seconds.
Begin MonoManager ReloadAssembly
Native extension for WindowsStandalone target not found
Native extension for OSXStandalone target not found
Native extension for WebGL target not found
Refreshing native plugins compatible for Editor in 2.29 ms, found 5 plugins.
Preloading 0 native plugins for Editor in 0.00 ms.
Mono: successfully reloaded assembly
- Completed reload, in  1.025 seconds
Domain Reload Profiling:
	ReloadAssembly (1025ms)
		BeginReloadAssembly (108ms)
			ExecutionOrderSort (0ms)
			DisableScriptedObjects (5ms)
			BackupInstance (0ms)
			ReleaseScriptingObjects (0ms)
			CreateAndSetChildDomain (37ms)
		EndReloadAssembly (866ms)
			LoadAssemblies (78ms)
			RebuildTransferFunctionScriptingTraits (0ms)
			SetupTypeCache (296ms)
			ReleaseScriptCaches (3ms)
			RebuildScriptCaches (46ms)
			SetupLoadedEditorAssemblies (325ms)
				LogAssemblyErrors (0ms)
				InitializePlatformSupportModulesInManaged (6ms)
				SetLoadedEditorAssemblies (0ms)
				RefreshPlugins (2ms)
				BeforeProcessingInitializeOnLoad (90ms)
				ProcessInitializeOnLoadAttributes (218ms)
				ProcessInitializeOnLoadMethodAttributes (5ms)
				AfterProcessingInitializeOnLoad (3ms)
				EditorAssembliesLoaded (0ms)
			ExecutionOrderSort2 (0ms)
			AwakeInstancesAfterBackupRestoration (12ms)
Platform modules already initialized, skipping
Refreshing native plugins compatible for Editor in 1.17 ms, found 5 plugins.
Preloading 0 native plugins for Editor in 0.00 ms.
Unloading 4012 Unused Serialized files (Serialized files now loaded: 0)
System memory in use before: 167.3 MB.
System memory in use after: 167.5 MB.

Unloading 77 unused Assets to reduce memory usage. Loaded Objects now: 4575.
Total: 4.648800 ms (FindLiveObjects: 0.273300 ms CreateObjectMapping: 0.084400 ms MarkObjects: 4.226700 ms  DeleteObjects: 0.062500 ms)

AssetImportParameters requested are different than current active one (requested -> active):
  custom:framework-win-MediaFoundation: 216162199b28c13a410421893ffa2e32 -> 
  custom:video-decoder-ogg-theora: a1e56fd34408186e4bbccfd4996cb3dc -> 
  custom:container-muxer-webm: aa71ff27fc2769a1b78a27578f13a17b -> 
  custom:container-demuxer-webm: 4f35f7cbe854078d1ac9338744f61a02 -> 
  custom:container-demuxer-ogg: 62fdf1f143b41e24485cea50d1cbac27 -> 
  custom:video-encoder-webm-vp8: eb34c28f22e8b96e1ab97ce403110664 -> 
  custom:video-codec-MediaFoundation-h265: 746d11721c4dcdbdad8f713fa42b33f4 -> 
  custom:video-decoder-webm-vp8: 9c59270c3fd7afecdb556c50c9e8de78 -> 
  custom:audio-decoder-ogg-vorbis: bf7c407c2cedff20999df2af8eb42d56 -> 
  custom:audio-encoder-webm-vorbis: bf7c407c2cedff20999df2af8eb42d56 -> 
========================================================================
Received Prepare
Registering precompiled user dll's ...
Registered in 0.005842 seconds.
Begin MonoManager ReloadAssembly
Native extension for WindowsStandalone target not found
Native extension for OSXStandalone target not found
Native extension for WebGL target not found
Refreshing native plugins compatible for Editor in 1.56 ms, found 5 plugins.
Preloading 0 native plugins for Editor in 0.00 ms.
Mono: successfully reloaded assembly
- Completed reload, in  0.983 seconds
Domain Reload Profiling:
	ReloadAssembly (983ms)
		BeginReloadAssembly (103ms)
			ExecutionOrderSort (0ms)
			DisableScriptedObjects (5ms)
			BackupInstance (0ms)
			ReleaseScriptingObjects (0ms)
			CreateAndSetChildDomain (35ms)
		EndReloadAssembly (832ms)
			LoadAssemblies (81ms)
			RebuildTransferFunctionScriptingTraits (0ms)
			SetupTypeCache (293ms)
			ReleaseScriptCaches (2ms)
			RebuildScriptCaches (44ms)
			SetupLoadedEditorAssemblies (304ms)
				LogAssemblyErrors (0ms)
				InitializePlatformSupportModulesInManaged (5ms)
				SetLoadedEditorAssemblies (0ms)
				RefreshPlugins (2ms)
				BeforeProcessingInitializeOnLoad (85ms)
				ProcessInitializeOnLoadAttributes (205ms)
				ProcessInitializeOnLoadMethodAttributes (4ms)
				AfterProcessingInitializeOnLoad (3ms)
				EditorAssembliesLoaded (0ms)
			ExecutionOrderSort2 (0ms)
			AwakeInstancesAfterBackupRestoration (12ms)
Platform modules already initialized, skipping
Refreshing native plugins compatible for Editor in 1.22 ms, found 5 plugins.
Preloading 0 native plugins for Editor in 0.00 ms.
Unloading 4012 Unused Serialized files (Serialized files now loaded: 0)
System memory in use before: 167.3 MB.
System memory in use after: 167.6 MB.

Unloading 77 unused Assets to reduce memory usage. Loaded Objects now: 4578.
Total: 3.109000 ms (FindLiveObjects: 0.249300 ms CreateObjectMapping: 0.091100 ms MarkObjects: 2.717600 ms  DeleteObjects: 0.049300 ms)

AssetImportParameters requested are different than current active one (requested -> active):
  custom:framework-win-MediaFoundation: 216162199b28c13a410421893ffa2e32 -> 
  custom:video-decoder-ogg-theora: a1e56fd34408186e4bbccfd4996cb3dc -> 
  custom:container-muxer-webm: aa71ff27fc2769a1b78a27578f13a17b -> 
  custom:container-demuxer-webm: 4f35f7cbe854078d1ac9338744f61a02 -> 
  custom:container-demuxer-ogg: 62fdf1f143b41e24485cea50d1cbac27 -> 
  custom:video-encoder-webm-vp8: eb34c28f22e8b96e1ab97ce403110664 -> 
  custom:video-codec-MediaFoundation-h265: 746d11721c4dcdbdad8f713fa42b33f4 -> 
  custom:video-decoder-webm-vp8: 9c59270c3fd7afecdb556c50c9e8de78 -> 
  custom:audio-decoder-ogg-vorbis: bf7c407c2cedff20999df2af8eb42d56 -> 
  custom:audio-encoder-webm-vorbis: bf7c407c2cedff20999df2af8eb42d56 -> 
========================================================================
Received Prepare
Registering precompiled user dll's ...
Registered in 0.005549 seconds.
Begin MonoManager ReloadAssembly
Native extension for WindowsStandalone target not found
Native extension for OSXStandalone target not found
Native extension for WebGL target not found
Refreshing native plugins compatible for Editor in 1.29 ms, found 5 plugins.
Preloading 0 native plugins for Editor in 0.00 ms.
Mono: successfully reloaded assembly
- Completed reload, in  0.921 seconds
Domain Reload Profiling:
	ReloadAssembly (922ms)
		BeginReloadAssembly (94ms)
			ExecutionOrderSort (0ms)
			DisableScriptedObjects (4ms)
			BackupInstance (0ms)
			ReleaseScriptingObjects (0ms)
			CreateAndSetChildDomain (32ms)
		EndReloadAssembly (784ms)
			LoadAssemblies (70ms)
			RebuildTransferFunctionScriptingTraits (0ms)
			SetupTypeCache (288ms)
			ReleaseScriptCaches (2ms)
			RebuildScriptCaches (44ms)
			SetupLoadedEditorAssemblies (274ms)
				LogAssemblyErrors (0ms)
				InitializePlatformSupportModulesInManaged (5ms)
				SetLoadedEditorAssemblies (0ms)
				RefreshPlugins (1ms)
				BeforeProcessingInitializeOnLoad (79ms)
				ProcessInitializeOnLoadAttributes (181ms)
				ProcessInitializeOnLoadMethodAttributes (4ms)
				AfterProcessingInitializeOnLoad (3ms)
				EditorAssembliesLoaded (0ms)
			ExecutionOrderSort2 (0ms)
			AwakeInstancesAfterBackupRestoration (10ms)
Platform modules already initialized, skipping
Refreshing native plugins compatible for Editor in 1.05 ms, found 5 plugins.
Preloading 0 native plugins for Editor in 0.00 ms.
Unloading 4012 Unused Serialized files (Serialized files now loaded: 0)
System memory in use before: 167.3 MB.
System memory in use after: 167.6 MB.

Unloading 77 unused Assets to reduce memory usage. Loaded Objects now: 4581.
Total: 3.038200 ms (FindLiveObjects: 0.296500 ms CreateObjectMapping: 0.100000 ms MarkObjects: 2.606800 ms  DeleteObjects: 0.033500 ms)

AssetImportParameters requested are different than current active one (requested -> active):
  custom:framework-win-MediaFoundation: 216162199b28c13a410421893ffa2e32 -> 
  custom:video-decoder-ogg-theora: a1e56fd34408186e4bbccfd4996cb3dc -> 
  custom:container-muxer-webm: aa71ff27fc2769a1b78a27578f13a17b -> 
  custom:container-demuxer-webm: 4f35f7cbe854078d1ac9338744f61a02 -> 
  custom:container-demuxer-ogg: 62fdf1f143b41e24485cea50d1cbac27 -> 
  custom:video-encoder-webm-vp8: eb34c28f22e8b96e1ab97ce403110664 -> 
  custom:video-codec-MediaFoundation-h265: 746d11721c4dcdbdad8f713fa42b33f4 -> 
  custom:video-decoder-webm-vp8: 9c59270c3fd7afecdb556c50c9e8de78 -> 
  custom:audio-decoder-ogg-vorbis: bf7c407c2cedff20999df2af8eb42d56 -> 
  custom:audio-encoder-webm-vorbis: bf7c407c2cedff20999df2af8eb42d56 -> 
========================================================================
Received Prepare
Registering precompiled user dll's ...
Registered in 0.006538 seconds.
Begin MonoManager ReloadAssembly
Native extension for WindowsStandalone target not found
Native extension for OSXStandalone target not found
Native extension for WebGL target not found
Refreshing native plugins compatible for Editor in 1.32 ms, found 5 plugins.
Preloading 0 native plugins for Editor in 0.00 ms.
Mono: successfully reloaded assembly
- Completed reload, in  1.016 seconds
Domain Reload Profiling:
	ReloadAssembly (1016ms)
		BeginReloadAssembly (109ms)
			ExecutionOrderSort (0ms)
			DisableScriptedObjects (5ms)
			BackupInstance (0ms)
			ReleaseScriptingObjects (0ms)
			CreateAndSetChildDomain (36ms)
		EndReloadAssembly (856ms)
			LoadAssemblies (75ms)
			RebuildTransferFunctionScriptingTraits (0ms)
			SetupTypeCache (307ms)
			ReleaseScriptCaches (2ms)
			RebuildScriptCaches (44ms)
			SetupLoadedEditorAssemblies (316ms)
				LogAssemblyErrors (0ms)
				InitializePlatformSupportModulesInManaged (5ms)
				SetLoadedEditorAssemblies (0ms)
				RefreshPlugins (1ms)
				BeforeProcessingInitializeOnLoad (83ms)
				ProcessInitializeOnLoadAttributes (218ms)
				ProcessInitializeOnLoadMethodAttributes (4ms)
				AfterProcessingInitializeOnLoad (4ms)
				EditorAssembliesLoaded (0ms)
			ExecutionOrderSort2 (0ms)
			AwakeInstancesAfterBackupRestoration (13ms)
Platform modules already initialized, skipping
Refreshing native plugins compatible for Editor in 1.51 ms, found 5 plugins.
Preloading 0 native plugins for Editor in 0.00 ms.
Unloading 4012 Unused Serialized files (Serialized files now loaded: 0)
System memory in use before: 167.3 MB.
System memory in use after: 167.6 MB.

Unloading 77 unused Assets to reduce memory usage. Loaded Objects now: 4584.
Total: 3.701400 ms (FindLiveObjects: 0.307800 ms CreateObjectMapping: 0.151500 ms MarkObjects: 3.196800 ms  DeleteObjects: 0.043200 ms)

AssetImportParameters requested are different than current active one (requested -> active):
  custom:framework-win-MediaFoundation: 216162199b28c13a410421893ffa2e32 -> 
  custom:video-decoder-ogg-theora: a1e56fd34408186e4bbccfd4996cb3dc -> 
  custom:container-muxer-webm: aa71ff27fc2769a1b78a27578f13a17b -> 
  custom:container-demuxer-webm: 4f35f7cbe854078d1ac9338744f61a02 -> 
  custom:container-demuxer-ogg: 62fdf1f143b41e24485cea50d1cbac27 -> 
  custom:video-encoder-webm-vp8: eb34c28f22e8b96e1ab97ce403110664 -> 
  custom:video-codec-MediaFoundation-h265: 746d11721c4dcdbdad8f713fa42b33f4 -> 
  custom:video-decoder-webm-vp8: 9c59270c3fd7afecdb556c50c9e8de78 -> 
  custom:audio-decoder-ogg-vorbis: bf7c407c2cedff20999df2af8eb42d56 -> 
  custom:audio-encoder-webm-vorbis: bf7c407c2cedff20999df2af8eb42d56 -> 
========================================================================
Received Import Request.
  Time since last request: 513.365937 seconds.
  path: Assets/All/Scenes/Official/Void/Void/Pathway.unity
  artifactKey: Guid(0fa871613472c46d5af7620e093a81c7) Importer(815301076,1909f56bfc062723c751e8b465ee728b)
Start importing Assets/All/Scenes/Official/Void/Void/Pathway.unity using Guid(0fa871613472c46d5af7620e093a81c7) Importer(815301076,1909f56bfc062723c751e8b465ee728b)  -> (artifact id: '72b9d4a4843fdea98e5be6172bcd8d2f') in 0.058806 seconds 
  Import took 0.067104 seconds .

========================================================================
Received Import Request.
  Time since last request: 10.417662 seconds.
  path: Assets/All/Scenes/Official/Void/Void/Void Entrance.unity
  artifactKey: Guid(6d26e185947304c549da3381f0f1c11e) Importer(815301076,1909f56bfc062723c751e8b465ee728b)
Start importing Assets/All/Scenes/Official/Void/Void/Void Entrance.unity using Guid(6d26e185947304c549da3381f0f1c11e) Importer(815301076,1909f56bfc062723c751e8b465ee728b)  -> (artifact id: 'ade10d253ad798fcf722a9ae030c37f8') in 0.014415 seconds 
  Import took 0.021034 seconds .

========================================================================
Received Prepare
Registering precompiled user dll's ...
Registered in 0.006287 seconds.
Begin MonoManager ReloadAssembly
Native extension for WindowsStandalone target not found
Native extension for OSXStandalone target not found
Native extension for WebGL target not found
Refreshing native plugins compatible for Editor in 2.15 ms, found 5 plugins.
Preloading 0 native plugins for Editor in 0.00 ms.
Mono: successfully reloaded assembly
- Completed reload, in  0.912 seconds
Domain Reload Profiling:
	ReloadAssembly (912ms)
		BeginReloadAssembly (92ms)
			ExecutionOrderSort (0ms)
			DisableScriptedObjects (5ms)
			BackupInstance (0ms)
			ReleaseScriptingObjects (0ms)
			CreateAndSetChildDomain (37ms)
		EndReloadAssembly (770ms)
			LoadAssemblies (71ms)
			RebuildTransferFunctionScriptingTraits (0ms)
			SetupTypeCache (281ms)
			ReleaseScriptCaches (2ms)
			RebuildScriptCaches (40ms)
			SetupLoadedEditorAssemblies (273ms)
				LogAssemblyErrors (0ms)
				InitializePlatformSupportModulesInManaged (4ms)
				SetLoadedEditorAssemblies (0ms)
				RefreshPlugins (2ms)
				BeforeProcessingInitializeOnLoad (76ms)
				ProcessInitializeOnLoadAttributes (183ms)
				ProcessInitializeOnLoadMethodAttributes (4ms)
				AfterProcessingInitializeOnLoad (3ms)
				EditorAssembliesLoaded (0ms)
			ExecutionOrderSort2 (0ms)
			AwakeInstancesAfterBackupRestoration (11ms)
Platform modules already initialized, skipping
Refreshing native plugins compatible for Editor in 1.12 ms, found 5 plugins.
Preloading 0 native plugins for Editor in 0.00 ms.
Unloading 4012 Unused Serialized files (Serialized files now loaded: 0)
System memory in use before: 167.3 MB.
System memory in use after: 167.6 MB.

Unloading 77 unused Assets to reduce memory usage. Loaded Objects now: 4587.
Total: 3.190300 ms (FindLiveObjects: 0.263000 ms CreateObjectMapping: 0.109400 ms MarkObjects: 2.785000 ms  DeleteObjects: 0.031700 ms)

AssetImportParameters requested are different than current active one (requested -> active):
  custom:framework-win-MediaFoundation: 216162199b28c13a410421893ffa2e32 -> 
  custom:video-decoder-ogg-theora: a1e56fd34408186e4bbccfd4996cb3dc -> 
  custom:container-muxer-webm: aa71ff27fc2769a1b78a27578f13a17b -> 
  custom:container-demuxer-webm: 4f35f7cbe854078d1ac9338744f61a02 -> 
  custom:container-demuxer-ogg: 62fdf1f143b41e24485cea50d1cbac27 -> 
  custom:video-encoder-webm-vp8: eb34c28f22e8b96e1ab97ce403110664 -> 
  custom:video-codec-MediaFoundation-h265: 746d11721c4dcdbdad8f713fa42b33f4 -> 
  custom:video-decoder-webm-vp8: 9c59270c3fd7afecdb556c50c9e8de78 -> 
  custom:audio-decoder-ogg-vorbis: bf7c407c2cedff20999df2af8eb42d56 -> 
  custom:audio-encoder-webm-vorbis: bf7c407c2cedff20999df2af8eb42d56 -> 
========================================================================
Received Prepare
Registering precompiled user dll's ...
Registered in 0.006439 seconds.
Begin MonoManager ReloadAssembly
Native extension for WindowsStandalone target not found
Native extension for OSXStandalone target not found
Native extension for WebGL target not found
Refreshing native plugins compatible for Editor in 1.30 ms, found 5 plugins.
Preloading 0 native plugins for Editor in 0.00 ms.
Mono: successfully reloaded assembly
- Completed reload, in  0.980 seconds
Domain Reload Profiling:
	ReloadAssembly (980ms)
		BeginReloadAssembly (100ms)
			ExecutionOrderSort (0ms)
			DisableScriptedObjects (5ms)
			BackupInstance (0ms)
			ReleaseScriptingObjects (0ms)
			CreateAndSetChildDomain (37ms)
		EndReloadAssembly (831ms)
			LoadAssemblies (77ms)
			RebuildTransferFunctionScriptingTraits (0ms)
			SetupTypeCache (292ms)
			ReleaseScriptCaches (2ms)
			RebuildScriptCaches (48ms)
			SetupLoadedEditorAssemblies (305ms)
				LogAssemblyErrors (0ms)
				InitializePlatformSupportModulesInManaged (5ms)
				SetLoadedEditorAssemblies (0ms)
				RefreshPlugins (1ms)
				BeforeProcessingInitializeOnLoad (85ms)
				ProcessInitializeOnLoadAttributes (204ms)
				ProcessInitializeOnLoadMethodAttributes (6ms)
				AfterProcessingInitializeOnLoad (3ms)
				EditorAssembliesLoaded (0ms)
			ExecutionOrderSort2 (0ms)
			AwakeInstancesAfterBackupRestoration (13ms)
Platform modules already initialized, skipping
Refreshing native plugins compatible for Editor in 1.15 ms, found 5 plugins.
Preloading 0 native plugins for Editor in 0.00 ms.
Unloading 4012 Unused Serialized files (Serialized files now loaded: 0)
System memory in use before: 167.3 MB.
System memory in use after: 167.6 MB.

Unloading 77 unused Assets to reduce memory usage. Loaded Objects now: 4590.
Total: 3.497300 ms (FindLiveObjects: 0.279500 ms CreateObjectMapping: 0.088300 ms MarkObjects: 3.087000 ms  DeleteObjects: 0.041300 ms)

AssetImportParameters requested are different than current active one (requested -> active):
  custom:framework-win-MediaFoundation: 216162199b28c13a410421893ffa2e32 -> 
  custom:video-decoder-ogg-theora: a1e56fd34408186e4bbccfd4996cb3dc -> 
  custom:container-muxer-webm: aa71ff27fc2769a1b78a27578f13a17b -> 
  custom:container-demuxer-webm: 4f35f7cbe854078d1ac9338744f61a02 -> 
  custom:container-demuxer-ogg: 62fdf1f143b41e24485cea50d1cbac27 -> 
  custom:video-encoder-webm-vp8: eb34c28f22e8b96e1ab97ce403110664 -> 
  custom:video-codec-MediaFoundation-h265: 746d11721c4dcdbdad8f713fa42b33f4 -> 
  custom:video-decoder-webm-vp8: 9c59270c3fd7afecdb556c50c9e8de78 -> 
  custom:audio-decoder-ogg-vorbis: bf7c407c2cedff20999df2af8eb42d56 -> 
  custom:audio-encoder-webm-vorbis: bf7c407c2cedff20999df2af8eb42d56 -> 
========================================================================
Received Import Request.
  Time since last request: 659.339639 seconds.
  path: Assets/All/Scenes/Official/Void/Void/Portal.unity
  artifactKey: Guid(ca823b96f5a264f989901bb77a06321a) Importer(815301076,1909f56bfc062723c751e8b465ee728b)
Start importing Assets/All/Scenes/Official/Void/Void/Portal.unity using Guid(ca823b96f5a264f989901bb77a06321a) Importer(815301076,1909f56bfc062723c751e8b465ee728b)  -> (artifact id: '434ea195ac77fb8ab6d28c261ab284db') in 0.039417 seconds 
  Import took 0.045713 seconds .

========================================================================
Received Import Request.
  Time since last request: 10.092566 seconds.
  path: Assets/All/Scenes/Official/Void/Princess/Princess Hideout.unity
  artifactKey: Guid(86297d1b06a4c4954a5c27fedeb927b0) Importer(815301076,1909f56bfc062723c751e8b465ee728b)
Start importing Assets/All/Scenes/Official/Void/Princess/Princess Hideout.unity using Guid(86297d1b06a4c4954a5c27fedeb927b0) Importer(815301076,1909f56bfc062723c751e8b465ee728b)  -> (artifact id: '5ca5ff35fd91610debcafc1677e26ad5') in 0.005881 seconds 
  Import took 0.011773 seconds .

========================================================================
Received Import Request.
  Time since last request: 7.511318 seconds.
  path: Assets/All/Scenes/Official/Void/Long Area/Long Area 1.unity
  artifactKey: Guid(35bd119749dbf4e398287bfd8388900f) Importer(815301076,1909f56bfc062723c751e8b465ee728b)
Start importing Assets/All/Scenes/Official/Void/Long Area/Long Area 1.unity using Guid(35bd119749dbf4e398287bfd8388900f) Importer(815301076,1909f56bfc062723c751e8b465ee728b)  -> (artifact id: 'cdc92a1a8b93d8a1b38b54f7953f1904') in 0.007208 seconds 
  Import took 0.013648 seconds .

========================================================================
Received Prepare
Registering precompiled user dll's ...
Registered in 0.006650 seconds.
Begin MonoManager ReloadAssembly
Native extension for WindowsStandalone target not found
Native extension for OSXStandalone target not found
Native extension for WebGL target not found
Refreshing native plugins compatible for Editor in 1.22 ms, found 5 plugins.
Preloading 0 native plugins for Editor in 0.00 ms.
Mono: successfully reloaded assembly
- Completed reload, in  0.974 seconds
Domain Reload Profiling:
	ReloadAssembly (974ms)
		BeginReloadAssembly (99ms)
			ExecutionOrderSort (0ms)
			DisableScriptedObjects (5ms)
			BackupInstance (0ms)
			ReleaseScriptingObjects (0ms)
			CreateAndSetChildDomain (38ms)
		EndReloadAssembly (828ms)
			LoadAssemblies (74ms)
			RebuildTransferFunctionScriptingTraits (0ms)
			SetupTypeCache (295ms)
			ReleaseScriptCaches (2ms)
			RebuildScriptCaches (41ms)
			SetupLoadedEditorAssemblies (309ms)
				LogAssemblyErrors (0ms)
				InitializePlatformSupportModulesInManaged (6ms)
				SetLoadedEditorAssemblies (0ms)
				RefreshPlugins (1ms)
				BeforeProcessingInitializeOnLoad (89ms)
				ProcessInitializeOnLoadAttributes (206ms)
				ProcessInitializeOnLoadMethodAttributes (4ms)
				AfterProcessingInitializeOnLoad (3ms)
				EditorAssembliesLoaded (0ms)
			ExecutionOrderSort2 (0ms)
			AwakeInstancesAfterBackupRestoration (11ms)
Platform modules already initialized, skipping
Refreshing native plugins compatible for Editor in 1.55 ms, found 5 plugins.
Preloading 0 native plugins for Editor in 0.00 ms.
Unloading 4012 Unused Serialized files (Serialized files now loaded: 0)
System memory in use before: 167.3 MB.
System memory in use after: 167.6 MB.

Unloading 77 unused Assets to reduce memory usage. Loaded Objects now: 4593.
Total: 3.591900 ms (FindLiveObjects: 0.540000 ms CreateObjectMapping: 0.134000 ms MarkObjects: 2.886100 ms  DeleteObjects: 0.029700 ms)

AssetImportParameters requested are different than current active one (requested -> active):
  custom:framework-win-MediaFoundation: 216162199b28c13a410421893ffa2e32 -> 
  custom:video-decoder-ogg-theora: a1e56fd34408186e4bbccfd4996cb3dc -> 
  custom:container-muxer-webm: aa71ff27fc2769a1b78a27578f13a17b -> 
  custom:container-demuxer-webm: 4f35f7cbe854078d1ac9338744f61a02 -> 
  custom:container-demuxer-ogg: 62fdf1f143b41e24485cea50d1cbac27 -> 
  custom:video-encoder-webm-vp8: eb34c28f22e8b96e1ab97ce403110664 -> 
  custom:video-codec-MediaFoundation-h265: 746d11721c4dcdbdad8f713fa42b33f4 -> 
  custom:video-decoder-webm-vp8: 9c59270c3fd7afecdb556c50c9e8de78 -> 
  custom:audio-decoder-ogg-vorbis: bf7c407c2cedff20999df2af8eb42d56 -> 
  custom:audio-encoder-webm-vorbis: bf7c407c2cedff20999df2af8eb42d56 -> 
========================================================================
Received Import Request.
  Time since last request: 38.112541 seconds.
  path: Assets/All/Scenes/Official/Void/Long Area/Long Area 2.unity
  artifactKey: Guid(231aeb59837994a3495d0bba569408b5) Importer(815301076,1909f56bfc062723c751e8b465ee728b)
Start importing Assets/All/Scenes/Official/Void/Long Area/Long Area 2.unity using Guid(231aeb59837994a3495d0bba569408b5) Importer(815301076,1909f56bfc062723c751e8b465ee728b)  -> (artifact id: '3d8fe93b0d8e7b86c4d6d466ab26b6e6') in 0.028960 seconds 
  Import took 0.034358 seconds .

========================================================================
Received Prepare
Registering precompiled user dll's ...
Registered in 0.006755 seconds.
Begin MonoManager ReloadAssembly
Native extension for WindowsStandalone target not found
Native extension for OSXStandalone target not found
Native extension for WebGL target not found
Refreshing native plugins compatible for Editor in 1.38 ms, found 5 plugins.
Preloading 0 native plugins for Editor in 0.00 ms.
Mono: successfully reloaded assembly
- Completed reload, in  1.007 seconds
Domain Reload Profiling:
	ReloadAssembly (1007ms)
		BeginReloadAssembly (107ms)
			ExecutionOrderSort (0ms)
			DisableScriptedObjects (6ms)
			BackupInstance (0ms)
			ReleaseScriptingObjects (0ms)
			CreateAndSetChildDomain (38ms)
		EndReloadAssembly (850ms)
			LoadAssemblies (78ms)
			RebuildTransferFunctionScriptingTraits (0ms)
			SetupTypeCache (303ms)
			ReleaseScriptCaches (2ms)
			RebuildScriptCaches (44ms)
			SetupLoadedEditorAssemblies (311ms)
				LogAssemblyErrors (0ms)
				InitializePlatformSupportModulesInManaged (7ms)
				SetLoadedEditorAssemblies (1ms)
				RefreshPlugins (1ms)
				BeforeProcessingInitializeOnLoad (86ms)
				ProcessInitializeOnLoadAttributes (207ms)
				ProcessInitializeOnLoadMethodAttributes (5ms)
				AfterProcessingInitializeOnLoad (4ms)
				EditorAssembliesLoaded (0ms)
			ExecutionOrderSort2 (0ms)
			AwakeInstancesAfterBackupRestoration (12ms)
Platform modules already initialized, skipping
Refreshing native plugins compatible for Editor in 1.25 ms, found 5 plugins.
Preloading 0 native plugins for Editor in 0.00 ms.
Unloading 4012 Unused Serialized files (Serialized files now loaded: 0)
System memory in use before: 167.4 MB.
System memory in use after: 167.6 MB.

Unloading 77 unused Assets to reduce memory usage. Loaded Objects now: 4596.
Total: 3.096500 ms (FindLiveObjects: 0.269000 ms CreateObjectMapping: 0.104200 ms MarkObjects: 2.690400 ms  DeleteObjects: 0.031900 ms)

AssetImportParameters requested are different than current active one (requested -> active):
  custom:framework-win-MediaFoundation: 216162199b28c13a410421893ffa2e32 -> 
  custom:video-decoder-ogg-theora: a1e56fd34408186e4bbccfd4996cb3dc -> 
  custom:container-muxer-webm: aa71ff27fc2769a1b78a27578f13a17b -> 
  custom:container-demuxer-webm: 4f35f7cbe854078d1ac9338744f61a02 -> 
  custom:container-demuxer-ogg: 62fdf1f143b41e24485cea50d1cbac27 -> 
  custom:video-encoder-webm-vp8: eb34c28f22e8b96e1ab97ce403110664 -> 
  custom:video-codec-MediaFoundation-h265: 746d11721c4dcdbdad8f713fa42b33f4 -> 
  custom:video-decoder-webm-vp8: 9c59270c3fd7afecdb556c50c9e8de78 -> 
  custom:audio-decoder-ogg-vorbis: bf7c407c2cedff20999df2af8eb42d56 -> 
  custom:audio-encoder-webm-vorbis: bf7c407c2cedff20999df2af8eb42d56 -> 
========================================================================
Received Import Request.
  Time since last request: 275.946739 seconds.
  path: Assets/All/Aseprite/amphibian8-32x.png
  artifactKey: Guid(aeb776d2b85eb45ec82e7169a1db9568) Importer(815301076,1909f56bfc062723c751e8b465ee728b)
Start importing Assets/All/Aseprite/amphibian8-32x.png using Guid(aeb776d2b85eb45ec82e7169a1db9568) Importer(815301076,1909f56bfc062723c751e8b465ee728b)  -> (artifact id: 'fa6ef2d0bfeda4cdf73c67a44bf65125') in 0.090316 seconds 
  Import took 0.098492 seconds .

========================================================================
Received Import Request.
  Time since last request: 0.000255 seconds.
  path: Assets/All/Aseprite/bullets.png
  artifactKey: Guid(f5d8604b6321d404abb1cd06cad723fc) Importer(815301076,1909f56bfc062723c751e8b465ee728b)
Start importing Assets/All/Aseprite/bullets.png using Guid(f5d8604b6321d404abb1cd06cad723fc) Importer(815301076,1909f56bfc062723c751e8b465ee728b)  -> (artifact id: '5d72503177eb8937f18ce8d6806f850a') in 0.023814 seconds 
  Import took 0.030318 seconds .

========================================================================
Received Import Request.
  Time since last request: 0.000198 seconds.
  path: Assets/All/Aseprite/controls.png
  artifactKey: Guid(7d09d6652d94048a5b5de9f856ddc7fb) Importer(815301076,1909f56bfc062723c751e8b465ee728b)
Start importing Assets/All/Aseprite/controls.png using Guid(7d09d6652d94048a5b5de9f856ddc7fb) Importer(815301076,1909f56bfc062723c751e8b465ee728b)  -> (artifact id: 'b008d095c3765c6170bb4ef3144db70c') in 0.016576 seconds 
  Import took 0.022344 seconds .

========================================================================
Received Import Request.
  Time since last request: 0.000185 seconds.
  path: Assets/All/Aseprite/bed.png
  artifactKey: Guid(f599e93b759eb4e259a2d47db3796517) Importer(815301076,1909f56bfc062723c751e8b465ee728b)
Start importing Assets/All/Aseprite/bed.png using Guid(f599e93b759eb4e259a2d47db3796517) Importer(815301076,1909f56bfc062723c751e8b465ee728b)  -> (artifact id: 'f547c641a295fe221917f98096327dc0') in 0.015986 seconds 
  Import took 0.021742 seconds .

========================================================================
Received Import Request.
  Time since last request: 0.000228 seconds.
  path: Assets/All/Aseprite/doomed-32x.png
  artifactKey: Guid(1b86bf821a3d244bf82595e774c628a2) Importer(815301076,1909f56bfc062723c751e8b465ee728b)
Start importing Assets/All/Aseprite/doomed-32x.png using Guid(1b86bf821a3d244bf82595e774c628a2) Importer(815301076,1909f56bfc062723c751e8b465ee728b)  -> (artifact id: 'cb06fb3ad58235ab4171874195903a24') in 0.016261 seconds 
  Import took 0.021830 seconds .

========================================================================
Received Import Request.
  Time since last request: 0.000212 seconds.
  path: Assets/All/Aseprite/door.png
  artifactKey: Guid(935da2949be094c1dbfe25245d4fdbef) Importer(815301076,1909f56bfc062723c751e8b465ee728b)
Start importing Assets/All/Aseprite/door.png using Guid(935da2949be094c1dbfe25245d4fdbef) Importer(815301076,1909f56bfc062723c751e8b465ee728b)  -> (artifact id: '1740d70c39240127b8256358bf970bf9') in 0.015796 seconds 
  Import took 0.021381 seconds .

========================================================================
Received Import Request.
  Time since last request: 0.000169 seconds.
  path: Assets/All/Aseprite/empty.png
  artifactKey: Guid(2fa6b77de455346ae989ff8e2e2b8b0b) Importer(815301076,1909f56bfc062723c751e8b465ee728b)
Start importing Assets/All/Aseprite/empty.png using Guid(2fa6b77de455346ae989ff8e2e2b8b0b) Importer(815301076,1909f56bfc062723c751e8b465ee728b)  -> (artifact id: '81aa859cbcdbffce6938482b376a7c49') in 0.012599 seconds 
  Import took 0.018465 seconds .

========================================================================
Received Import Request.
  Time since last request: 0.000233 seconds.
  path: Assets/All/Aseprite/anim-TV.png
  artifactKey: Guid(145a215096c7b405cb7b68585737081a) Importer(815301076,1909f56bfc062723c751e8b465ee728b)
Start importing Assets/All/Aseprite/anim-TV.png using Guid(145a215096c7b405cb7b68585737081a) Importer(815301076,1909f56bfc062723c751e8b465ee728b)  -> (artifact id: '11903416559c2b8ea8745de2904234f8') in 0.017272 seconds 
  Import took 0.023462 seconds .

========================================================================
Received Import Request.
  Time since last request: 0.000208 seconds.
  path: Assets/All/Aseprite/frizzy-haired-girl.png
  artifactKey: Guid(e48cfdc66ae8f48ebb8629e58aec0684) Importer(815301076,1909f56bfc062723c751e8b465ee728b)
Start importing Assets/All/Aseprite/frizzy-haired-girl.png using Guid(e48cfdc66ae8f48ebb8629e58aec0684) Importer(815301076,1909f56bfc062723c751e8b465ee728b)  -> (artifact id: 'd8de12e51f427c4d107fa50b4cef9aaf') in 0.019526 seconds 
  Import took 0.024771 seconds .

========================================================================
Received Import Request.
  Time since last request: 0.000203 seconds.
  path: Assets/All/Aseprite/bread loaf.png
  artifactKey: Guid(409772729ebda41efa450b85f4c2ba5a) Importer(815301076,1909f56bfc062723c751e8b465ee728b)
Start importing Assets/All/Aseprite/bread loaf.png using Guid(409772729ebda41efa450b85f4c2ba5a) Importer(815301076,1909f56bfc062723c751e8b465ee728b)  -> (artifact id: '957025cde3503665981ba163cbed755e') in 0.016399 seconds 
  Import took 0.022082 seconds .

========================================================================
Received Import Request.
  Time since last request: 0.000197 seconds.
  path: Assets/All/Aseprite/bprd-16-32x.png
  artifactKey: Guid(51a88ea57b7b04571a39df357def6119) Importer(815301076,1909f56bfc062723c751e8b465ee728b)
Start importing Assets/All/Aseprite/bprd-16-32x.png using Guid(51a88ea57b7b04571a39df357def6119) Importer(815301076,1909f56bfc062723c751e8b465ee728b)  -> (artifact id: '2f15fe54a395924db9b2734b35ccca2c') in 0.017547 seconds 
  Import took 0.023455 seconds .

AssetImportWorkerClient::OnTransportError - code=2 error=End of file
